{
  "Unit Tests": {
    "coverage": {
      "/home/willt/classes/csce606/CyberCRM/cybercrm/config/environment.rb": {
        "lines": [
          null,
          null,
          null,
          1,
          null,
          null,
          1
        ]
      },
      "/home/willt/classes/csce606/CyberCRM/cybercrm/config/application.rb": {
        "lines": [
          null,
          null,
          1,
          null,
          1,
          null,
          null,
          null,
          1,
          null,
          1,
          1,
          null,
          1,
          null,
          null,
          null,
          null,
          1,
          null,
          null,
          null,
          null,
          null,
          null,
          null,
          null,
          null,
          null
        ]
      },
      "/home/willt/classes/csce606/CyberCRM/cybercrm/config/environments/test.rb": {
        "lines": [
          null,
          null,
          1,
          null,
          null,
          null,
          null,
          null,
          null,
          1,
          null,
          null,
          null,
          1,
          null,
          null,
          null,
          null,
          null,
          1,
          null,
          null,
          1,
          1,
          null,
          null,
          null,
          null,
          1,
          1,
          1,
          null,
          null,
          1,
          null,
          null,
          1,
          null,
          null,
          1,
          null,
          1,
          null,
          null,
          null,
          null,
          1,
          null,
          null,
          1,
          null,
          null,
          1,
          null,
          null,
          1,
          null,
          null,
          null,
          null,
          null,
          null,
          null,
          null,
          1,
          null
        ]
      },
      "/home/willt/classes/csce606/CyberCRM/cybercrm/config/initializers/assets.rb": {
        "lines": [
          null,
          null,
          null,
          null,
          null,
          1,
          null,
          null,
          null,
          null,
          null,
          null,
          null,
          null
        ]
      },
      "/home/willt/classes/csce606/CyberCRM/cybercrm/config/initializers/content_security_policy.rb": {
        "lines": [
          null,
          null,
          null,
          null,
          null,
          null,
          null,
          null,
          null,
          null,
          null,
          null,
          null,
          null,
          null,
          null,
          null,
          null,
          null,
          null,
          null,
          null,
          null,
          null,
          null,
          null,
          null
        ]
      },
      "/home/willt/classes/csce606/CyberCRM/cybercrm/config/initializers/filter_parameter_logging.rb": {
        "lines": [
          null,
          null,
          null,
          null,
          null,
          null,
          null,
          1,
          null,
          null
        ]
      },
      "/home/willt/classes/csce606/CyberCRM/cybercrm/config/initializers/inflections.rb": {
        "lines": [
          null,
          null,
          null,
          null,
          null,
          null,
          null,
          null,
          null,
          null,
          null,
          null,
          null,
          null,
          null,
          null,
          null,
          null
        ]
      },
      "/home/willt/classes/csce606/CyberCRM/cybercrm/config/initializers/omniauth.rb": {
        "lines": [
          null,
          null,
          1,
          1,
          null,
          null,
          null,
          null,
          null,
          1
        ]
      },
      "/home/willt/classes/csce606/CyberCRM/cybercrm/config/initializers/permissions_policy.rb": {
        "lines": [
          null,
          null,
          null,
          null,
          null,
          null,
          null,
          null,
          null,
          null,
          null,
          null,
          null,
          null,
          null
        ]
      },
      "/home/willt/classes/csce606/CyberCRM/cybercrm/config/routes.rb": {
        "lines": [
          null,
          null,
          1,
          1,
          1,
          null,
          1,
          1,
          1,
          null,
          null,
          1,
          null,
          null,
          null,
          null
        ]
      },
      "/home/willt/classes/csce606/CyberCRM/cybercrm/app/models/user.rb": {
        "lines": [
          null,
          null,
          1,
          null,
          null,
          null,
          null,
          1,
          null,
          null,
          1,
          null,
          null,
          1,
          0,
          0,
          0,
          0,
          0,
          null,
          null,
          null
        ]
      },
      "/home/willt/classes/csce606/CyberCRM/cybercrm/app/models/application_record.rb": {
        "lines": [
          null,
          null,
          1,
          1,
          null
        ]
      }
    },
    "timestamp": 1718233240
  },
  "RSpec": {
    "coverage": {
    },
    "timestamp": 1719643550
  },
  "Cucumber Features": {
    "coverage": {
      "/home/noam/CyberCRM/cybercrm/features/step_definitions/crud_student.rb": {
        "lines": [
          null,
          null,
          1,
          1,
          null,
          null,
          1,
          1,
          1,
          1,
          1,
          1,
          1,
          1,
          1,
          1,
          1,
          1,
          null,
          null,
          1,
          1,
          null,
          null,
          1,
          1,
          null,
          null,
          1,
          1,
          1,
          null,
          null,
          1,
          3,
          null,
          null,
          null,
          null,
          null,
          null,
          null,
          null,
          null,
          null,
          null,
          null,
          null,
          null,
          1,
          2,
          null,
          null,
          1,
          1,
          1,
          null,
          null,
          1,
          1,
          null,
          null,
          1,
          1,
          null,
          null,
          1,
          1,
          1,
          null,
          null,
          1,
          1,
          1,
          null,
          null,
          1,
          1,
          1,
          null,
          null,
          1,
          11,
          null
        ]
      },
      "/home/noam/CyberCRM/cybercrm/features/step_definitions/csv.rb": {
        "lines": [
          null,
          null,
          1,
          1,
          null,
          null,
          1,
          1,
          null,
          null,
          1,
          1,
          1,
          null,
          1,
          null
        ]
      },
      "/home/noam/CyberCRM/cybercrm/features/step_definitions/filtering_columns_steps.rb": {
        "lines": [
          null,
          null,
          1,
          33,
          null,
          null,
          1,
          11,
          11,
          null,
          null,
          1,
          11,
          11,
          null,
          null,
          1,
          11,
          11,
          11,
          null
        ]
      },
      "/home/noam/CyberCRM/cybercrm/features/step_definitions/search_student_steps.rb": {
        "lines": [
          null,
          null,
          null,
          1,
          1,
          3,
          null,
          null,
          null,
          1,
          1,
          null,
          null,
          1,
          1,
          null,
          null,
          1,
          1,
          null,
          null,
          1,
          null,
          null,
          null,
          1,
          1,
          2,
          2,
          null,
          null,
          null,
          null,
          1,
          1,
          1,
          1,
          null,
          null,
          null
        ]
      },
      "/home/noam/CyberCRM/cybercrm/features/step_definitions/user_authentication_steps.rb": {
        "lines": [
          null,
          null,
          null,
          null,
          null,
          null,
          null,
          1,
          1,
          null,
          null,
          1,
          1,
          null
        ]
      },
      "/home/noam/CyberCRM/cybercrm/app/controllers/students_controller.rb": {
        "lines": [
          null,
          null,
          1,
          null,
          null,
          1,
          1,
          1,
          null,
          1,
          0,
          0,
          null,
          0,
          null,
          null,
          0,
          0,
          0,
          null,
          null,
          null,
          null,
          null,
          null,
          null,
          null,
          null,
          1,
          46,
          22,
          null,
          24,
          null,
          null,
          null,
          null,
          1,
          null,
          null,
          1,
          1,
          null,
          null,
          null,
          1,
          null,
          null,
          1,
          1,
          null,
          1,
          1,
          2,
          1,
          null,
          0,
          0,
          null,
          null,
          null,
          null,
          null,
          1,
          1,
          1,
          2,
          1,
          null,
          0,
          0,
          null,
          null,
          null,
          null,
          null,
          1,
          1,
          null,
          1,
          2,
          1,
          null,
          null,
          null,
          null,
          1,
          1,
          1,
          null,
          null,
          1,
          null,
          1,
          1,
          1,
          null,
          null,
          1,
          0,
          null,
          null,
          null,
          null,
          null,
          null,
          null,
          1,
          8,
          null,
          null,
          null,
          1,
          2,
          null,
          null,
          null,
          1,
          68,
          null,
          null,
          1,
          55,
          null,
          null
        ]
      },
      "/home/noam/CyberCRM/cybercrm/app/controllers/application_controller.rb": {
        "lines": [
          null,
          null,
          null,
          1,
          1,
          null,
          1,
          0,
          null,
          null,
          1,
          null
        ]
      },
      "/home/noam/CyberCRM/cybercrm/app/helpers/application_helper.rb": {
        "lines": [
          null,
          null,
          null,
          1,
          1,
          552,
          552,
          552,
          530,
          11,
          null,
          null,
          552,
          11,
          11,
          530,
          null,
          null,
          552,
          null,
          null
        ]
      },
      "/home/noam/CyberCRM/cybercrm/app/helpers/pages_helper.rb": {
        "lines": [
          null,
          null,
          null,
          1,
          null
        ]
      },
      "/home/noam/CyberCRM/cybercrm/app/helpers/sessions_helper.rb": {
        "lines": [
          null,
          null,
          null,
          1,
          null
        ]
      },
      "/home/noam/CyberCRM/cybercrm/app/helpers/students_helper.rb": {
        "lines": [
          null,
          null,
          null,
          1,
          null
        ]
      },
      "/home/noam/CyberCRM/cybercrm/app/models/student.rb": {
        "lines": [
          null,
          null,
          null,
          1,
          1,
          null
        ]
      },
      "/home/noam/CyberCRM/cybercrm/app/models/application_record.rb": {
        "lines": [
          null,
          null,
          null,
          1,
          1,
          null
        ]
      },
      "/home/noam/CyberCRM/cybercrm/app/controllers/pages_controller.rb": {
        "lines": [
          null,
          null,
          null,
          1,
          1,
          1,
          1,
          1,
          1,
          1,
          null
        ]
      }
    },
    "timestamp": 1719712516
  }
}
